<?xml version="1.0" encoding="UTF-8"?>
<testng-results ignored="0" total="1" passed="1" failed="0" skipped="0">
  <reporter-output>
  </reporter-output>
  <suite started-at="2023-09-05T17:20:25 IST" name="Default suite" finished-at="2023-09-05T17:20:29 IST" duration-ms="4557">
    <groups>
    </groups>
    <test started-at="2023-09-05T17:20:25 IST" name="Default test" finished-at="2023-09-05T17:20:29 IST" duration-ms="4557">
      <class name="sample.Pjt1Test">
        <test-method signature="m1Test()[pri:0, instance:sample.Pjt1Test@57cf54e1]" started-at="2023-09-05T17:20:25 IST" name="m1Test" finished-at="2023-09-05T17:20:29 IST" duration-ms="4517" status="PASS">
          <reporter-output>
          </reporter-output>
        </test-method> <!-- m1Test -->
      </class> <!-- sample.Pjt1Test -->
    </test> <!-- Default test -->
  </suite> <!-- Default suite -->
</testng-results>
